<?xml version="1.0" encoding="utf-8"?><testsuites name="pytest tests"><testsuite name="pytest" errors="0" failures="0" skipped="0" tests="26" time="6.854" timestamp="2026-09-25T02:12:27.054885+00:00" hostname="agent-env-a574ad3b-acef-46ca-9592-e1303a84a91e"><testcase classname="tests.backend_test.TestPublic" name="test_facilities_list" time="0.174" /><testcase classname="tests.backend_test.TestAuth" name="test_login_super" time="0.392" /><testcase classname="tests.backend_test.TestPublic" name="test_facilities_filter_category" time="0.216" /><testcase classname="tests.backend_test.TestPublic" name="test_facilities_search_q" time="0.128" /><testcase classname="tests.backend_test.TestAuth" name="test_login_bpu" time="0.409" /><testcase classname="tests.backend_test.TestPublic" name="test_facility_detail_slug" time="0.224" /><testcase classname="tests.backend_test.TestPublic" name="test_facility_availability_public" time="0.398" /><testcase classname="tests.backend_test.TestAuth" name="test_login_internal" time="0.339" /><testcase classname="tests.backend_test.TestAuth" name="test_login_wrong_pw" time="0.317" /><testcase classname="tests.backend_test.TestPublic" name="test_content_list" time="0.336" /><testcase classname="tests.backend_test.TestPublic" name="test_content_detail" time="0.462" /><testcase classname="tests.backend_test.TestAuth" name="test_me" time="0.492" /><testcase classname="tests.backend_test.TestPublic" name="test_config" time="0.124" /><testcase classname="tests.backend_test.TestAuth" name="test_me_unauth" time="0.204" /><testcase classname="tests.backend_test.TestPublic" name="test_categories" time="0.136" /><testcase classname="tests.backend_test.TestRBAC" name="test_internal_cannot_create_facility" time="0.465" /><testcase classname="tests.backend_test.TestRequestWorkflow" name="test_create_request" time="0.666" /><testcase classname="tests.backend_test.TestRBAC" name="test_bpu_can_crud_facility" time="0.609" /><testcase classname="tests.backend_test.TestRequestWorkflow" name="test_full_workflow_and_slot_lock" time="1.710" /><testcase classname="tests.backend_test.TestRBAC" name="test_only_super_admin_can_list_users" time="0.566" /><testcase classname="tests.backend_test.TestRBAC" name="test_super_admin_can_create_user" time="0.591" /><testcase classname="tests.backend_test.TestAntiDoubleBook" name="test_internal_block_then_external_request" time="1.137" /><testcase classname="tests.backend_test.TestRequestWorkflow" name="test_admin_list_requests" time="0.191" /><testcase classname="tests.backend_test.TestAvailability" name="test_create_internal_block" time="1.099" /><testcase classname="tests.backend_test.TestDashboard" name="test_admin_stats" time="0.178" /><testcase classname="tests.backend_test.TestContentCRUD" name="test_content_crud" time="0.592" /></testsuite></testsuites>